<?xml version="1.0" encoding="UTF-8"?>
<!-- Generated by org.testng.reporters.JUnitReportReporter -->
<testsuite skipped="0" hostname="DESKTOP-MLVAP7K" name="testCases.CreateOneProduct" tests="3" failures="0" timestamp="23 Jun 2022 02:53:32 GMT" time="2.233" errors="0">
  <testcase name="createOneProduct" time="1.288" classname="testCases.CreateOneProduct"/>
  <testcase name="getFirstProductId" time="0.631" classname="testCases.CreateOneProduct"/>
  <testcase name="validateProductDetails" time="0.314" classname="testCases.CreateOneProduct"/>
</testsuite> <!-- testCases.CreateOneProduct -->
