<?xml version="1.0" encoding="UTF-8"?>
<!-- Generated by org.testng.reporters.JUnitReportReporter -->
<testsuite skipped="0" hostname="DESKTOP-MLVAP7K" name="testCases.DeleteOneProduct" tests="2" failures="0" timestamp="23 Jun 2022 15:34:30 GMT" time="1.603" errors="0">
  <testcase name="deleteOneProduct" time="1.310" classname="testCases.DeleteOneProduct"/>
  <testcase name="validateDeletedProductDetails" time="0.293" classname="testCases.DeleteOneProduct"/>
</testsuite> <!-- testCases.DeleteOneProduct -->
