<?xml version="1.0" encoding="UTF-8"?>
<!-- Generated by org.testng.reporters.JUnitReportReporter -->
<testsuite skipped="0" hostname="DESKTOP-MLVAP7K" name="testCases.UpdateOneProduct" tests="2" failures="0" timestamp="23 Jun 2022 03:15:26 GMT" time="1.700" errors="0">
  <testcase name="updateOneProduct" time="1.403" classname="testCases.UpdateOneProduct"/>
  <testcase name="validateUpdatedProductDetails" time="0.297" classname="testCases.UpdateOneProduct"/>
</testsuite> <!-- testCases.UpdateOneProduct -->
