<?xml version="1.0" encoding="UTF-8"?>
<!-- Generated by org.testng.reporters.JUnitReportReporter -->
<testsuite skipped="0" hostname="DESKTOP-MLVAP7K" name="testCases.ReadAllProducts" tests="1" failures="0" timestamp="22 Jun 2022 15:55:14 GMT" time="1.627" errors="0">
  <testcase name="readAllProducts" time="1.627" classname="testCases.ReadAllProducts"/>
</testsuite> <!-- testCases.ReadAllProducts -->
