<?xml version="1.0" encoding="UTF-8"?>
<!-- Generated by org.testng.reporters.JUnitReportReporter -->
<testsuite skipped="0" hostname="DESKTOP-MLVAP7K" name="testCases.ReadOneProduct" tests="1" failures="0" timestamp="22 Jun 2022 18:39:48 GMT" time="1.273" errors="0">
  <testcase name="readOneProduct" time="1.273" classname="testCases.ReadOneProduct"/>
</testsuite> <!-- testCases.ReadOneProduct -->
